<?xml version="1.0" encoding="UTF-8"?>
<!-- Generated by org.testng.reporters.JUnitReportReporter -->
<testsuite hostname="Purusharth-HP-Pro" failures="0" tests="1" name="com.sr.TestScript.Villa_Booking" time="39.417" errors="0" timestamp="02 Mar 2021 03:50:46 GMT" skipped="0">
  <testcase classname="com.sr.TestScript.Villa_Booking" name="villabooking" time="39.417"/>
</testsuite> <!-- com.sr.TestScript.Villa_Booking -->
