<?xml version="1.0" encoding="UTF-8"?>
<!-- Generated by org.testng.reporters.JUnitReportReporter -->
<testsuite hostname="Purusharth-HP-Pro" failures="0" tests="1" name="com.sr.TestScript.Booking_Flight_Test1" time="21.238" errors="0" timestamp="12 Feb 2021 07:33:53 GMT" skipped="0">
  <testcase classname="com.sr.TestScript.Booking_Flight_Test1" name="flightbooking" time="21.238"/>
</testsuite> <!-- com.sr.TestScript.Booking_Flight_Test1 -->
