<?xml version="1.0" encoding="UTF-8"?>
<!-- Generated by org.testng.reporters.JUnitReportReporter -->
<testsuite hostname="Purusharth-HP-Pro" failures="0" tests="1" name="com.sr.TestScript.Go_To_Login" time="23.335" errors="0" timestamp="11 Feb 2021 19:54:29 GMT" skipped="0">
  <testcase classname="com.sr.TestScript.Go_To_Login" name="tc1" time="23.335"/>
</testsuite> <!-- com.sr.TestScript.Go_To_Login -->
