<?xml version="1.0" encoding="UTF-8"?>
<!-- Generated by org.testng.reporters.JUnitReportReporter -->
<testsuite hostname="Purusharth-HP-Pro" failures="0" tests="2" name="com.sr.TestScript.Buses_Booking" time="71.252" errors="0" timestamp="02 Mar 2021 10:25:23 GMT" skipped="0">
  <testcase classname="com.sr.TestScript.Buses_Booking" name="busbooking" time="36.589"/>
  <testcase classname="com.sr.TestScript.Buses_Booking" name="busbooking" time="34.663"/>
</testsuite> <!-- com.sr.TestScript.Buses_Booking -->
